<?xml version="1.0" encoding="UTF-8"?>
<testsuite xmlns:xsi="http://www.w3.org/2001/XMLSchema-instance" xsi:noNamespaceSchemaLocation="https://maven.apache.org/surefire/maven-surefire-plugin/xsd/surefire-test-report.xsd" version="3.0.2" name="au.omv.dev.cpi.process.logger.CIProcessMonitoringComponentTest" time="1.333" tests="1" errors="0" skipped="0" failures="0">
  <properties>
[...]
</properties>
  <testcase name="testSample" classname="au.omv.dev.cpi.process.logger.CIProcessMonitoringComponentTest" time="1.287">
    <system-out><![CDATA[Hello world1 (Consumer) Now it is Mon Jun 02 12:29:59 CEST 2025 (Producer) : HELLO WORLD2
]]></system-out>
    <system-err><![CDATA[log4j:WARN No appenders could be found for logger (au.omv.dev.cpi.process.logger.CIProcessMonitoringComponentTest).
log4j:WARN Please initialize the log4j system properly.
log4j:WARN See http://logging.apache.org/log4j/1.2/faq.html#noconfig for more info.
]]></system-err>
  </testcase>
</testsuite>